2021-07-18 11:00:41.766203780000 [46422(ThreadId 9)] ERROR APP - user error (<getModule> loaded module can not find from path. </home/tomasz/Proyectos/haskell/flow/src/Eval.hs> [("Lexer","/home/tomasz/Proyectos/haskell/flow/src/Lexer.hs"),("Main","/home/tomasz/Proyectos/haskell/flow/test/Spec.hs"),("SSyntax","/home/tomasz/Proyectos/haskell/flow/test/SSyntax.hs"),("Syntax","/home/tomasz/Proyectos/haskell/flow/src/Syntax.hs")])
2021-07-25 20:33:38.176072795000 [186695(ThreadId 8)] CRITICAL REQUEST - invalid HANDLE. eof.
2021-07-25 20:34:01.552160928000 [186812(ThreadId 8)] CRITICAL REQUEST - invalid HANDLE. eof.
2021-07-27 19:41:30.112269988000 [35606(ThreadId 8)] CRITICAL REQUEST - invalid HANDLE. eof.
2021-07-27 19:58:31.588378197000 [39266(ThreadId 8)] CRITICAL REQUEST - invalid HANDLE. eof.
2021-07-28 18:32:37.726541120000 [122374(ThreadId 8)] CRITICAL REQUEST - invalid HANDLE. eof.
2021-07-28 18:33:12.302149996000 [122771(ThreadId 9)] ERROR APP - user error (ExecResult not found.)
2021-07-28 18:33:59.328607505000 [122998(ThreadId 9)] ERROR APP - user error (ExecResult not found.)
2021-07-28 18:35:05.355937091000 [123312(ThreadId 9)] ERROR APP - user error (variable id:11 not found.)
2021-07-28 18:36:23.812206617000 [123312(ThreadId 8)] WARNING REQUEST - unsupported request command. {"command":"stepOut","arguments":{"threadId":0},"type":"request","seq":101}
2021-07-28 18:36:28.938733680000 [123312(ThreadId 8)] WARNING REQUEST - unsupported request command. {"command":"stepOut","arguments":{"threadId":0},"type":"request","seq":102}
2021-08-01 14:05:27.729521735000 [20333(ThreadId 8)] CRITICAL REQUEST - invalid HANDLE. eof.
2021-08-02 21:55:28.299894093000 [23418(ThreadId 9)] ERROR APP - user error (variable id:10 not found.)
2021-08-02 21:57:56.106057109000 [24181(ThreadId 9)] ERROR APP - user error (variable id:10 not found.)
2021-08-09 17:46:00.659238540000 [38395(ThreadId 20)] CRITICAL REQUEST - invalid HANDLE. eof.
2021-08-09 17:47:25.508933512000 [38557(ThreadId 21)] ERROR APP - user error (variable id:10 not found.)
2021-08-09 17:47:34.097214075000 [38557(ThreadId 21)] CRITICAL APP - invalid dap result from ghci. []
2021-08-09 17:48:03.335085957000 [38722(ThreadId 21)] ERROR APP - user error (variable id:10 not found.)
2021-08-09 17:48:05.177049983000 [38722(ThreadId 21)] ERROR APP - user error (variable id:10 not found.)
2021-08-09 17:48:29.005437749000 [38722(ThreadId 20)] CRITICAL REQUEST - invalid HANDLE. eof.
2021-08-09 17:49:04.246768231000 [38861(ThreadId 20)] CRITICAL REQUEST - invalid HANDLE. eof.
2021-08-09 21:27:51.615308321000 [54095(ThreadId 21)] ERROR APP - invalid dap result from ghci. []
2021-08-09 21:27:51.616090084000 [54095(ThreadId 21)] ERROR APP - <file descriptor: 146>: hPutChar: resource vanished (Broken pipe)
2021-08-09 21:27:51.616855326000 [54095(ThreadId 21)] ERROR APP - <file descriptor: 146>: hPutChar: resource vanished (Broken pipe)
2021-08-09 21:27:52.071618622000 [54095(ThreadId 21)] ERROR APP - <file descriptor: 146>: hPutChar: resource vanished (Broken pipe)
2021-08-09 21:27:55.028496966000 [54095(ThreadId 21)] ERROR APP - <file descriptor: 146>: hPutChar: resource vanished (Broken pipe)
2021-08-09 21:28:02.016590004000 [54095(ThreadId 21)] CRITICAL APP - <file descriptor: 146>: hPutChar: resource vanished (Broken pipe)
2021-08-16 02:53:10.185727584000 [76745(ThreadId 21)] ERROR APP - user error (variable id:10 not found.)
2021-08-16 02:53:13.127143317000 [76745(ThreadId 21)] ERROR APP - invalid dap result from ghci. []
2021-08-16 02:53:19.496726522000 [76745(ThreadId 21)] CRITICAL APP - <file descriptor: 149>: hPutChar: resource vanished (Broken pipe)
